{
  "C:\\Users\\Core\\Desktop\\Stage 3\\RSSchool_Stage3\\src\\pages\\SinglePost\\SinglePost.tsx": {
    "path": "C:\\Users\\Core\\Desktop\\Stage 3\\RSSchool_Stage3\\src\\pages\\SinglePost\\SinglePost.tsx",
    "statementMap": {
      "0": {
        "start": { "line": 1, "column": 0 },
        "end": { "line": 1, "column": 26 }
      },
      "1": {
        "start": { "line": 2, "column": 0 },
        "end": { "line": 2, "column": 44 }
      },
      "2": {
        "start": { "line": 3, "column": 0 },
        "end": { "line": 3, "column": 58 }
      },
      "3": {
        "start": { "line": 5, "column": 0 },
        "end": { "line": 5, "column": 26 }
      },
      "4": {
        "start": { "line": 7, "column": 19 },
        "end": { "line": 62, "column": 1 }
      },
      "5": {
        "start": { "line": 8, "column": 17 },
        "end": { "line": 8, "column": 28 }
      },
      "6": {
        "start": { "line": 9, "column": 26 },
        "end": { "line": 9, "column": 53 }
      },
      "7": {
        "start": { "line": 10, "column": 19 },
        "end": { "line": 10, "column": 32 }
      },
      "8": {
        "start": { "line": 12, "column": 2 },
        "end": { "line": 26, "column": 21 }
      },
      "9": {
        "start": { "line": 13, "column": 22 },
        "end": { "line": 23, "column": 5 }
      },
      "10": {
        "start": { "line": 14, "column": 6 },
        "end": { "line": 22, "column": null }
      },
      "11": {
        "start": { "line": 15, "column": 25 },
        "end": { "line": 16, "column": null }
      },
      "12": {
        "start": { "line": 18, "column": 8 },
        "end": { "line": 18, "column": 22 }
      },
      "13": {
        "start": { "line": 21, "column": 8 },
        "end": { "line": 21, "column": 27 }
      },
      "14": {
        "start": { "line": 25, "column": 4 },
        "end": { "line": 25, "column": 16 }
      },
      "15": {
        "start": { "line": 28, "column": 26 },
        "end": { "line": 30, "column": 3 }
      },
      "16": {
        "start": { "line": 29, "column": 4 },
        "end": { "line": 29, "column": 44 }
      },
      "17": {
        "start": { "line": 32, "column": 2 },
        "end": { "line": 61, "column": 4 }
      },
      "18": {
        "start": { "line": 64, "column": 0 },
        "end": { "line": 64, "column": 26 }
      }
    },
    "fnMap": {
      "0": {
        "name": "(anonymous_1)",
        "decl": {
          "start": { "line": 7, "column": 19 },
          "end": { "line": 7, "column": 22 }
        },
        "loc": {
          "start": { "line": 7, "column": 24 },
          "end": { "line": 62, "column": 1 }
        }
      },
      "1": {
        "name": "(anonymous_2)",
        "decl": {
          "start": { "line": 12, "column": 12 },
          "end": { "line": 12, "column": 15 }
        },
        "loc": {
          "start": { "line": 12, "column": 17 },
          "end": { "line": 26, "column": 3 }
        }
      },
      "2": {
        "name": "(anonymous_3)",
        "decl": {
          "start": { "line": 13, "column": 22 },
          "end": { "line": 13, "column": 27 }
        },
        "loc": {
          "start": { "line": 13, "column": 33 },
          "end": { "line": 23, "column": 5 }
        }
      },
      "3": {
        "name": "(anonymous_4)",
        "decl": {
          "start": { "line": 28, "column": 26 },
          "end": { "line": 28, "column": 29 }
        },
        "loc": {
          "start": { "line": 28, "column": 31 },
          "end": { "line": 30, "column": 3 }
        }
      }
    },
    "branchMap": {
      "0": {
        "loc": {
          "start": { "line": 41, "column": 9 },
          "end": { "line": 57, "column": null }
        },
        "type": "cond-expr",
        "locations": [
          {
            "start": { "line": 42, "column": 10 },
            "end": { "line": 54, "column": null }
          },
          {
            "start": { "line": 57, "column": 10 },
            "end": { "line": 57, "column": 27 }
          }
        ]
      }
    },
    "s": {
      "0": 1,
      "1": 1,
      "2": 1,
      "3": 1,
      "4": 1,
      "5": 2,
      "6": 2,
      "7": 2,
      "8": 2,
      "9": 1,
      "10": 1,
      "11": 1,
      "12": 1,
      "13": 0,
      "14": 1,
      "15": 2,
      "16": 0,
      "17": 2,
      "18": 1
    },
    "f": { "0": 2, "1": 1, "2": 1, "3": 0 },
    "b": { "0": [1, 1] }
  }
}
