{
  "C:\\Users\\Core\\Desktop\\Stage 3\\RSSchool_Stage3\\src\\api.tsx": {
    "path": "C:\\Users\\Core\\Desktop\\Stage 3\\RSSchool_Stage3\\src\\api.tsx",
    "statementMap": {
      "0": {
        "start": { "line": 2, "column": 0 },
        "end": { "line": 2, "column": 73 }
      },
      "1": {
        "start": { "line": 5, "column": 13 },
        "end": { "line": 18, "column": 3 }
      },
      "2": {
        "start": { "line": 10, "column": 27 },
        "end": { "line": 17, "column": 4 }
      },
      "3": {
        "start": { "line": 12, "column": 19 },
        "end": { "line": 12, "column": 26 }
      },
      "4": {
        "start": { "line": 15, "column": 21 },
        "end": { "line": 15, "column": 34 }
      },
      "5": {
        "start": { "line": 20, "column": 15 },
        "end": { "line": 20, "column": 61 }
      },
      "6": {
        "start": { "line": 22, "column": 0 },
        "end": { "line": 22, "column": 19 }
      }
    },
    "fnMap": {
      "0": {
        "name": "(anonymous_0)",
        "decl": {
          "start": { "line": 10, "column": 13 },
          "end": { "line": 10, "column": 14 }
        },
        "loc": {
          "start": { "line": 10, "column": 27 },
          "end": { "line": 17, "column": 4 }
        }
      },
      "1": {
        "name": "(anonymous_1)",
        "decl": {
          "start": { "line": 12, "column": 13 },
          "end": { "line": 12, "column": 16 }
        },
        "loc": {
          "start": { "line": 12, "column": 19 },
          "end": { "line": 12, "column": 26 }
        }
      },
      "2": {
        "name": "(anonymous_2)",
        "decl": {
          "start": { "line": 15, "column": 13 },
          "end": { "line": 15, "column": 14 }
        },
        "loc": {
          "start": { "line": 15, "column": 21 },
          "end": { "line": 15, "column": 34 }
        }
      }
    },
    "branchMap": {},
    "s": { "0": 8, "1": 8, "2": 8, "3": 0, "4": 0, "5": 8, "6": 8 },
    "f": { "0": 8, "1": 0, "2": 0 },
    "b": {}
  },
  "C:\\Users\\Core\\Desktop\\Stage 3\\RSSchool_Stage3\\src\\components\\Header\\Header.tsx": {
    "path": "C:\\Users\\Core\\Desktop\\Stage 3\\RSSchool_Stage3\\src\\components\\Header\\Header.tsx",
    "statementMap": {
      "0": {
        "start": { "line": 1, "column": 0 },
        "end": { "line": 1, "column": 40 }
      },
      "1": {
        "start": { "line": 2, "column": 0 },
        "end": { "line": 2, "column": 22 }
      },
      "2": {
        "start": { "line": 4, "column": 15 },
        "end": { "line": 18, "column": 1 }
      },
      "3": {
        "start": { "line": 5, "column": 2 },
        "end": { "line": 17, "column": 4 }
      },
      "4": {
        "start": { "line": 20, "column": 0 },
        "end": { "line": 20, "column": 22 }
      }
    },
    "fnMap": {
      "0": {
        "name": "(anonymous_0)",
        "decl": {
          "start": { "line": 4, "column": 15 },
          "end": { "line": 4, "column": 18 }
        },
        "loc": {
          "start": { "line": 4, "column": 20 },
          "end": { "line": 18, "column": 1 }
        }
      }
    },
    "branchMap": {},
    "s": { "0": 1, "1": 1, "2": 1, "3": 1, "4": 1 },
    "f": { "0": 1 },
    "b": {}
  },
  "C:\\Users\\Core\\Desktop\\Stage 3\\RSSchool_Stage3\\src\\components\\Pagination\\Pagination.tsx": {
    "path": "C:\\Users\\Core\\Desktop\\Stage 3\\RSSchool_Stage3\\src\\components\\Pagination\\Pagination.tsx",
    "statementMap": {
      "0": {
        "start": { "line": 1, "column": 0 },
        "end": { "line": 1, "column": 26 }
      },
      "1": {
        "start": { "line": 4, "column": 46 },
        "end": { "line": 26, "column": 1 }
      },
      "2": {
        "start": { "line": 9, "column": 22 },
        "end": { "line": 9, "column": 24 }
      },
      "3": {
        "start": { "line": 11, "column": 2 },
        "end": { "line": 13, "column": null }
      },
      "4": {
        "start": { "line": 11, "column": 15 },
        "end": { "line": 11, "column": 16 }
      },
      "5": {
        "start": { "line": 12, "column": 4 },
        "end": { "line": 12, "column": 24 }
      },
      "6": {
        "start": { "line": 15, "column": 2 },
        "end": { "line": 25, "column": 4 }
      },
      "7": {
        "start": { "line": 18, "column": 8 },
        "end": { "line": 18, "column": null }
      },
      "8": {
        "start": { "line": 19, "column": 54 },
        "end": { "line": 19, "column": 70 }
      },
      "9": {
        "start": { "line": 28, "column": 0 },
        "end": { "line": 28, "column": 26 }
      }
    },
    "fnMap": {
      "0": {
        "name": "(anonymous_0)",
        "decl": {
          "start": { "line": 4, "column": 46 },
          "end": { "line": 4, "column": 47 }
        },
        "loc": {
          "start": { "line": 8, "column": 5 },
          "end": { "line": 26, "column": 1 }
        }
      },
      "1": {
        "name": "(anonymous_1)",
        "decl": {
          "start": { "line": 17, "column": 23 },
          "end": { "line": 17, "column": 24 }
        },
        "loc": {
          "start": { "line": 18, "column": 8 },
          "end": { "line": 18, "column": null }
        }
      },
      "2": {
        "name": "(anonymous_2)",
        "decl": {
          "start": { "line": 19, "column": 48 },
          "end": { "line": 19, "column": 51 }
        },
        "loc": {
          "start": { "line": 19, "column": 54 },
          "end": { "line": 19, "column": 70 }
        }
      }
    },
    "branchMap": {},
    "s": {
      "0": 3,
      "1": 3,
      "2": 5,
      "3": 5,
      "4": 5,
      "5": 4,
      "6": 5,
      "7": 4,
      "8": 2,
      "9": 3
    },
    "f": { "0": 5, "1": 4, "2": 2 },
    "b": {}
  },
  "C:\\Users\\Core\\Desktop\\Stage 3\\RSSchool_Stage3\\src\\components\\PostsList\\PostsList.tsx": {
    "path": "C:\\Users\\Core\\Desktop\\Stage 3\\RSSchool_Stage3\\src\\components\\PostsList\\PostsList.tsx",
    "statementMap": {
      "0": {
        "start": { "line": 3, "column": 0 },
        "end": { "line": 3, "column": 40 }
      },
      "1": {
        "start": { "line": 5, "column": 0 },
        "end": { "line": 5, "column": 25 }
      },
      "2": {
        "start": { "line": 8, "column": 2 },
        "end": { "line": 10, "column": null }
      },
      "3": {
        "start": { "line": 9, "column": 4 },
        "end": { "line": 9, "column": 32 }
      },
      "4": {
        "start": { "line": 12, "column": 2 },
        "end": { "line": 14, "column": null }
      },
      "5": {
        "start": { "line": 13, "column": 4 },
        "end": { "line": 13, "column": 56 }
      },
      "6": {
        "start": { "line": 16, "column": 2 },
        "end": { "line": 25, "column": 4 }
      },
      "7": {
        "start": { "line": 19, "column": 8 },
        "end": { "line": 19, "column": 46 }
      },
      "8": {
        "start": { "line": 7, "column": 0 },
        "end": { "line": 7, "column": 24 }
      }
    },
    "fnMap": {
      "0": {
        "name": "PostsList",
        "decl": {
          "start": { "line": 7, "column": 24 },
          "end": { "line": 7, "column": 33 }
        },
        "loc": {
          "start": { "line": 7, "column": 68 },
          "end": { "line": 26, "column": 1 }
        }
      },
      "1": {
        "name": "(anonymous_1)",
        "decl": {
          "start": { "line": 18, "column": 17 },
          "end": { "line": 18, "column": 18 }
        },
        "loc": {
          "start": { "line": 19, "column": 8 },
          "end": { "line": 19, "column": 46 }
        }
      }
    },
    "branchMap": {
      "0": {
        "loc": {
          "start": { "line": 8, "column": 2 },
          "end": { "line": 10, "column": null }
        },
        "type": "if",
        "locations": [
          {
            "start": { "line": 8, "column": 2 },
            "end": { "line": 10, "column": null }
          }
        ]
      },
      "1": {
        "loc": {
          "start": { "line": 12, "column": 2 },
          "end": { "line": 14, "column": null }
        },
        "type": "if",
        "locations": [
          {
            "start": { "line": 12, "column": 2 },
            "end": { "line": 14, "column": null }
          }
        ]
      }
    },
    "s": {
      "0": 5,
      "1": 5,
      "2": 7,
      "3": 0,
      "4": 7,
      "5": 4,
      "6": 3,
      "7": 6,
      "8": 5
    },
    "f": { "0": 7, "1": 6 },
    "b": { "0": [0], "1": [4] }
  },
  "C:\\Users\\Core\\Desktop\\Stage 3\\RSSchool_Stage3\\src\\components\\Search\\Search.tsx": {
    "path": "C:\\Users\\Core\\Desktop\\Stage 3\\RSSchool_Stage3\\src\\components\\Search\\Search.tsx",
    "statementMap": {
      "0": {
        "start": { "line": 3, "column": 0 },
        "end": { "line": 3, "column": 55 }
      },
      "1": {
        "start": { "line": 4, "column": 0 },
        "end": { "line": 4, "column": 79 }
      },
      "2": {
        "start": { "line": 5, "column": 0 },
        "end": { "line": 5, "column": 22 }
      },
      "3": {
        "start": { "line": 12, "column": 19 },
        "end": { "line": 12, "column": 32 }
      },
      "4": {
        "start": { "line": 13, "column": 21 },
        "end": { "line": 13, "column": 51 }
      },
      "5": {
        "start": { "line": 15, "column": 28 },
        "end": { "line": 17, "column": 3 }
      },
      "6": {
        "start": { "line": 16, "column": 4 },
        "end": { "line": 16, "column": 49 }
      },
      "7": {
        "start": { "line": 19, "column": 25 },
        "end": { "line": 24, "column": 3 }
      },
      "8": {
        "start": { "line": 20, "column": 4 },
        "end": { "line": 23, "column": null }
      },
      "9": {
        "start": { "line": 21, "column": 6 },
        "end": { "line": 21, "column": 31 }
      },
      "10": {
        "start": { "line": 22, "column": 6 },
        "end": { "line": 22, "column": 54 }
      },
      "11": {
        "start": { "line": 26, "column": 28 },
        "end": { "line": 29, "column": 3 }
      },
      "12": {
        "start": { "line": 27, "column": 4 },
        "end": { "line": 27, "column": 29 }
      },
      "13": {
        "start": { "line": 28, "column": 4 },
        "end": { "line": 28, "column": 52 }
      },
      "14": {
        "start": { "line": 31, "column": 2 },
        "end": { "line": 43, "column": 4 }
      },
      "15": {
        "start": { "line": 11, "column": 0 },
        "end": { "line": 11, "column": 24 }
      }
    },
    "fnMap": {
      "0": {
        "name": "Search",
        "decl": {
          "start": { "line": 11, "column": 24 },
          "end": { "line": 11, "column": 30 }
        },
        "loc": {
          "start": { "line": 11, "column": 60 },
          "end": { "line": 44, "column": 1 }
        }
      },
      "1": {
        "name": "(anonymous_1)",
        "decl": {
          "start": { "line": 15, "column": 28 },
          "end": { "line": 15, "column": 29 }
        },
        "loc": {
          "start": { "line": 15, "column": 75 },
          "end": { "line": 17, "column": 3 }
        }
      },
      "2": {
        "name": "(anonymous_2)",
        "decl": {
          "start": { "line": 19, "column": 25 },
          "end": { "line": 19, "column": 26 }
        },
        "loc": {
          "start": { "line": 19, "column": 70 },
          "end": { "line": 24, "column": 3 }
        }
      },
      "3": {
        "name": "(anonymous_3)",
        "decl": {
          "start": { "line": 26, "column": 28 },
          "end": { "line": 26, "column": 31 }
        },
        "loc": {
          "start": { "line": 26, "column": 33 },
          "end": { "line": 29, "column": 3 }
        }
      }
    },
    "branchMap": {
      "0": {
        "loc": {
          "start": { "line": 20, "column": 4 },
          "end": { "line": 23, "column": null }
        },
        "type": "if",
        "locations": [
          {
            "start": { "line": 20, "column": 4 },
            "end": { "line": 23, "column": null }
          }
        ]
      }
    },
    "s": {
      "0": 4,
      "1": 4,
      "2": 4,
      "3": 6,
      "4": 6,
      "5": 6,
      "6": 1,
      "7": 6,
      "8": 0,
      "9": 0,
      "10": 0,
      "11": 6,
      "12": 1,
      "13": 1,
      "14": 6,
      "15": 4
    },
    "f": { "0": 6, "1": 1, "2": 0, "3": 1 },
    "b": { "0": [0] }
  },
  "C:\\Users\\Core\\Desktop\\Stage 3\\RSSchool_Stage3\\src\\features\\postsPerPageSlice.tsx": {
    "path": "C:\\Users\\Core\\Desktop\\Stage 3\\RSSchool_Stage3\\src\\features\\postsPerPageSlice.tsx",
    "statementMap": {
      "0": {
        "start": { "line": 1, "column": 0 },
        "end": { "line": 1, "column": 47 }
      },
      "1": {
        "start": { "line": 7, "column": 26 },
        "end": { "line": 15, "column": 2 }
      },
      "2": {
        "start": { "line": 12, "column": 6 },
        "end": { "line": 12, "column": 28 }
      },
      "3": {
        "start": { "line": 17, "column": 15 },
        "end": { "line": 17, "column": 61 }
      },
      "4": {
        "start": { "line": 19, "column": 34 },
        "end": { "line": 19, "column": 74 }
      },
      "5": {
        "start": { "line": 19, "column": 56 },
        "end": { "line": 19, "column": 74 }
      },
      "6": {
        "start": { "line": 19, "column": 13 },
        "end": { "line": 19, "column": 34 }
      },
      "7": {
        "start": { "line": 21, "column": 0 },
        "end": { "line": 21, "column": 41 }
      }
    },
    "fnMap": {
      "0": {
        "name": "(anonymous_0)",
        "decl": {
          "start": { "line": 11, "column": 21 },
          "end": { "line": 11, "column": 22 }
        },
        "loc": {
          "start": { "line": 11, "column": 39 },
          "end": { "line": 13, "column": 5 }
        }
      },
      "1": {
        "name": "(anonymous_1)",
        "decl": {
          "start": { "line": 19, "column": 34 },
          "end": { "line": 19, "column": 35 }
        },
        "loc": {
          "start": { "line": 19, "column": 56 },
          "end": { "line": 19, "column": 74 }
        }
      }
    },
    "branchMap": {},
    "s": { "0": 2, "1": 2, "2": 0, "3": 2, "4": 2, "5": 4, "6": 2, "7": 2 },
    "f": { "0": 0, "1": 4 },
    "b": {}
  },
  "C:\\Users\\Core\\Desktop\\Stage 3\\RSSchool_Stage3\\src\\features\\searchSlice.tsx": {
    "path": "C:\\Users\\Core\\Desktop\\Stage 3\\RSSchool_Stage3\\src\\features\\searchSlice.tsx",
    "statementMap": {
      "0": {
        "start": { "line": 2, "column": 0 },
        "end": { "line": 2, "column": 47 }
      },
      "1": {
        "start": { "line": 9, "column": 20 },
        "end": { "line": 17, "column": 2 }
      },
      "2": {
        "start": { "line": 14, "column": 6 },
        "end": { "line": 14, "column": 40 }
      },
      "3": {
        "start": { "line": 19, "column": 15 },
        "end": { "line": 19, "column": 54 }
      },
      "4": {
        "start": { "line": 20, "column": 33 },
        "end": { "line": 20, "column": 78 }
      },
      "5": {
        "start": { "line": 20, "column": 55 },
        "end": { "line": 20, "column": 78 }
      },
      "6": {
        "start": { "line": 20, "column": 13 },
        "end": { "line": 20, "column": 33 }
      },
      "7": {
        "start": { "line": 22, "column": 0 },
        "end": { "line": 22, "column": 35 }
      }
    },
    "fnMap": {
      "0": {
        "name": "(anonymous_0)",
        "decl": {
          "start": { "line": 13, "column": 20 },
          "end": { "line": 13, "column": 21 }
        },
        "loc": {
          "start": { "line": 13, "column": 38 },
          "end": { "line": 15, "column": 5 }
        }
      },
      "1": {
        "name": "(anonymous_1)",
        "decl": {
          "start": { "line": 20, "column": 33 },
          "end": { "line": 20, "column": 34 }
        },
        "loc": {
          "start": { "line": 20, "column": 55 },
          "end": { "line": 20, "column": 78 }
        }
      }
    },
    "branchMap": {},
    "s": { "0": 4, "1": 4, "2": 0, "3": 4, "4": 4, "5": 8, "6": 4, "7": 4 },
    "f": { "0": 0, "1": 8 },
    "b": {}
  },
  "C:\\Users\\Core\\Desktop\\Stage 3\\RSSchool_Stage3\\src\\pages\\ErrorPage\\ErrorPage.tsx": {
    "path": "C:\\Users\\Core\\Desktop\\Stage 3\\RSSchool_Stage3\\src\\pages\\ErrorPage\\ErrorPage.tsx",
    "statementMap": {
      "0": {
        "start": { "line": 1, "column": 0 },
        "end": { "line": 1, "column": 40 }
      },
      "1": {
        "start": { "line": 2, "column": 0 },
        "end": { "line": 2, "column": 54 }
      },
      "2": {
        "start": { "line": 3, "column": 0 },
        "end": { "line": 3, "column": 25 }
      },
      "3": {
        "start": { "line": 4, "column": 0 },
        "end": { "line": 4, "column": 52 }
      },
      "4": {
        "start": { "line": 7, "column": 2 },
        "end": { "line": 17, "column": 4 }
      },
      "5": {
        "start": { "line": 6, "column": 0 },
        "end": { "line": 6, "column": 24 }
      }
    },
    "fnMap": {
      "0": {
        "name": "ErrorPage",
        "decl": {
          "start": { "line": 6, "column": 24 },
          "end": { "line": 6, "column": 33 }
        },
        "loc": {
          "start": { "line": 6, "column": 33 },
          "end": { "line": 18, "column": 1 }
        }
      }
    },
    "branchMap": {},
    "s": { "0": 1, "1": 1, "2": 1, "3": 1, "4": 1, "5": 1 },
    "f": { "0": 1 },
    "b": {}
  },
  "C:\\Users\\Core\\Desktop\\Stage 3\\RSSchool_Stage3\\src\\pages\\Posts\\Posts.tsx": {
    "path": "C:\\Users\\Core\\Desktop\\Stage 3\\RSSchool_Stage3\\src\\pages\\Posts\\Posts.tsx",
    "statementMap": {
      "0": {
        "start": { "line": 1, "column": 0 },
        "end": { "line": 1, "column": 51 }
      },
      "1": {
        "start": { "line": 2, "column": 0 },
        "end": { "line": 2, "column": 55 }
      },
      "2": {
        "start": { "line": 3, "column": 0 },
        "end": { "line": 3, "column": 45 }
      },
      "3": {
        "start": { "line": 4, "column": 0 },
        "end": { "line": 4, "column": null }
      },
      "4": {
        "start": { "line": 8, "column": 0 },
        "end": { "line": 8, "column": 64 }
      },
      "5": {
        "start": { "line": 9, "column": 0 },
        "end": { "line": 9, "column": 61 }
      },
      "6": {
        "start": { "line": 10, "column": 0 },
        "end": { "line": 10, "column": 52 }
      },
      "7": {
        "start": { "line": 11, "column": 0 },
        "end": { "line": 11, "column": 21 }
      },
      "8": {
        "start": { "line": 12, "column": 0 },
        "end": { "line": 12, "column": 42 }
      },
      "9": {
        "start": { "line": 13, "column": 0 },
        "end": { "line": 13, "column": 60 }
      },
      "10": {
        "start": { "line": 16, "column": 14 },
        "end": { "line": 97, "column": 1 }
      },
      "11": {
        "start": { "line": 17, "column": 19 },
        "end": { "line": 17, "column": 32 }
      },
      "12": {
        "start": { "line": 18, "column": 21 },
        "end": { "line": 18, "column": 39 }
      },
      "13": {
        "start": { "line": 19, "column": 18 },
        "end": { "line": 19, "column": 38 }
      },
      "14": {
        "start": { "line": 20, "column": 23 },
        "end": { "line": 20, "column": 54 }
      },
      "15": {
        "start": { "line": 21, "column": 40 },
        "end": { "line": 21, "column": 51 }
      },
      "16": {
        "start": { "line": 22, "column": 28 },
        "end": { "line": 22, "column": 48 }
      },
      "17": {
        "start": { "line": 24, "column": 2 },
        "end": { "line": 27, "column": 19 }
      },
      "18": {
        "start": { "line": 25, "column": 23 },
        "end": { "line": 25, "column": 58 }
      },
      "19": {
        "start": { "line": 26, "column": 4 },
        "end": { "line": 26, "column": 35 }
      },
      "20": {
        "start": { "line": 29, "column": 22 },
        "end": { "line": 39, "column": 3 }
      },
      "21": {
        "start": { "line": 30, "column": 17 },
        "end": { "line": 30, "column": 38 }
      },
      "22": {
        "start": { "line": 31, "column": 20 },
        "end": { "line": 37, "column": 6 }
      },
      "23": {
        "start": { "line": 32, "column": 6 },
        "end": { "line": 36, "column": 8 }
      },
      "24": {
        "start": { "line": 38, "column": 4 },
        "end": { "line": 38, "column": 22 }
      },
      "25": {
        "start": { "line": 41, "column": 23 },
        "end": { "line": 44, "column": 3 }
      },
      "26": {
        "start": { "line": 42, "column": 4 },
        "end": { "line": 42, "column": 28 }
      },
      "27": {
        "start": { "line": 43, "column": 4 },
        "end": { "line": 43, "column": 41 }
      },
      "28": {
        "start": { "line": 46, "column": 35 },
        "end": { "line": 48, "column": 3 }
      },
      "29": {
        "start": { "line": 47, "column": 4 },
        "end": { "line": 47, "column": 37 }
      },
      "30": {
        "start": { "line": 50, "column": 24 },
        "end": { "line": 50, "column": 50 }
      },
      "31": {
        "start": { "line": 51, "column": 25 },
        "end": { "line": 51, "column": 53 }
      },
      "32": {
        "start": { "line": 52, "column": 22 },
        "end": { "line": 52, "column": 64 }
      },
      "33": {
        "start": { "line": 54, "column": 19 },
        "end": { "line": 54, "column": 69 }
      },
      "34": {
        "start": { "line": 54, "column": 43 },
        "end": { "line": 54, "column": 69 }
      },
      "35": {
        "start": { "line": 56, "column": 2 },
        "end": { "line": 96, "column": 4 }
      },
      "36": {
        "start": { "line": 69, "column": 29 },
        "end": { "line": 69, "column": 77 }
      },
      "37": {
        "start": { "line": 99, "column": 0 },
        "end": { "line": 99, "column": 21 }
      }
    },
    "fnMap": {
      "0": {
        "name": "(anonymous_1)",
        "decl": {
          "start": { "line": 16, "column": 14 },
          "end": { "line": 16, "column": 17 }
        },
        "loc": {
          "start": { "line": 16, "column": 19 },
          "end": { "line": 97, "column": 1 }
        }
      },
      "1": {
        "name": "(anonymous_2)",
        "decl": {
          "start": { "line": 24, "column": 12 },
          "end": { "line": 24, "column": 15 }
        },
        "loc": {
          "start": { "line": 24, "column": 17 },
          "end": { "line": 27, "column": 3 }
        }
      },
      "2": {
        "name": "(anonymous_3)",
        "decl": {
          "start": { "line": 29, "column": 22 },
          "end": { "line": 29, "column": 23 }
        },
        "loc": {
          "start": { "line": 29, "column": 45 },
          "end": { "line": 39, "column": 3 }
        }
      },
      "3": {
        "name": "(anonymous_4)",
        "decl": {
          "start": { "line": 31, "column": 32 },
          "end": { "line": 31, "column": 33 }
        },
        "loc": {
          "start": { "line": 31, "column": 47 },
          "end": { "line": 37, "column": 5 }
        }
      },
      "4": {
        "name": "(anonymous_5)",
        "decl": {
          "start": { "line": 41, "column": 23 },
          "end": { "line": 41, "column": 24 }
        },
        "loc": {
          "start": { "line": 41, "column": 46 },
          "end": { "line": 44, "column": 3 }
        }
      },
      "5": {
        "name": "(anonymous_6)",
        "decl": {
          "start": { "line": 46, "column": 35 },
          "end": { "line": 46, "column": 36 }
        },
        "loc": {
          "start": { "line": 46, "column": 53 },
          "end": { "line": 48, "column": 3 }
        }
      },
      "6": {
        "name": "(anonymous_7)",
        "decl": {
          "start": { "line": 54, "column": 19 },
          "end": { "line": 54, "column": 20 }
        },
        "loc": {
          "start": { "line": 54, "column": 43 },
          "end": { "line": 54, "column": 69 }
        }
      },
      "7": {
        "name": "(anonymous_8)",
        "decl": {
          "start": { "line": 69, "column": 22 },
          "end": { "line": 69, "column": 23 }
        },
        "loc": {
          "start": { "line": 69, "column": 29 },
          "end": { "line": 69, "column": 77 }
        }
      }
    },
    "branchMap": {
      "0": {
        "loc": {
          "start": { "line": 26, "column": 17 },
          "end": { "line": 26, "column": 33 }
        },
        "type": "binary-expr",
        "locations": [
          {
            "start": { "line": 26, "column": 17 },
            "end": { "line": 26, "column": 27 }
          },
          {
            "start": { "line": 26, "column": 31 },
            "end": { "line": 26, "column": 33 }
          }
        ]
      },
      "1": {
        "loc": {
          "start": { "line": 30, "column": 17 },
          "end": { "line": 30, "column": 38 }
        },
        "type": "binary-expr",
        "locations": [
          {
            "start": { "line": 30, "column": 17 },
            "end": { "line": 30, "column": 32 }
          },
          {
            "start": { "line": 30, "column": 36 },
            "end": { "line": 30, "column": 38 }
          }
        ]
      },
      "2": {
        "loc": {
          "start": { "line": 33, "column": 8 },
          "end": { "line": 35, "column": 67 }
        },
        "type": "binary-expr",
        "locations": [
          {
            "start": { "line": 33, "column": 8 },
            "end": { "line": 33, "column": 12 }
          },
          {
            "start": { "line": 34, "column": 8 },
            "end": { "line": 34, "column": 18 }
          },
          {
            "start": { "line": 35, "column": 8 },
            "end": { "line": 35, "column": 67 }
          }
        ]
      },
      "3": {
        "loc": {
          "start": { "line": 78, "column": 9 },
          "end": { "line": 88, "column": null }
        },
        "type": "cond-expr",
        "locations": [
          {
            "start": { "line": 79, "column": 10 },
            "end": { "line": 79, "column": 27 }
          },
          {
            "start": { "line": 81, "column": 10 },
            "end": { "line": 87, "column": null }
          }
        ]
      }
    },
    "s": {
      "0": 2,
      "1": 2,
      "2": 2,
      "3": 2,
      "4": 2,
      "5": 2,
      "6": 2,
      "7": 2,
      "8": 2,
      "9": 2,
      "10": 2,
      "11": 4,
      "12": 4,
      "13": 4,
      "14": 4,
      "15": 4,
      "16": 4,
      "17": 4,
      "18": 2,
      "19": 2,
      "20": 4,
      "21": 2,
      "22": 2,
      "23": 2,
      "24": 2,
      "25": 4,
      "26": 2,
      "27": 2,
      "28": 4,
      "29": 0,
      "30": 4,
      "31": 4,
      "32": 4,
      "33": 4,
      "34": 0,
      "35": 4,
      "36": 0,
      "37": 2
    },
    "f": { "0": 4, "1": 2, "2": 2, "3": 2, "4": 2, "5": 0, "6": 0, "7": 0 },
    "b": { "0": [2, 2], "1": [2, 0], "2": [2, 2, 2], "3": [0, 4] }
  },
  "C:\\Users\\Core\\Desktop\\Stage 3\\RSSchool_Stage3\\src\\pages\\SinglePost\\SinglePost.tsx": {
    "path": "C:\\Users\\Core\\Desktop\\Stage 3\\RSSchool_Stage3\\src\\pages\\SinglePost\\SinglePost.tsx",
    "statementMap": {
      "0": {
        "start": { "line": 2, "column": 0 },
        "end": { "line": 2, "column": 34 }
      },
      "1": {
        "start": { "line": 3, "column": 0 },
        "end": { "line": 3, "column": 58 }
      },
      "2": {
        "start": { "line": 4, "column": 0 },
        "end": { "line": 4, "column": 48 }
      },
      "3": {
        "start": { "line": 5, "column": 0 },
        "end": { "line": 5, "column": 26 }
      },
      "4": {
        "start": { "line": 7, "column": 19 },
        "end": { "line": 53, "column": 1 }
      },
      "5": {
        "start": { "line": 8, "column": 17 },
        "end": { "line": 8, "column": 45 }
      },
      "6": {
        "start": { "line": 9, "column": 19 },
        "end": { "line": 9, "column": 32 }
      },
      "7": {
        "start": { "line": 11, "column": 34 },
        "end": { "line": 11, "column": 65 }
      },
      "8": {
        "start": { "line": 13, "column": 2 },
        "end": { "line": 17, "column": 26 }
      },
      "9": {
        "start": { "line": 14, "column": 4 },
        "end": { "line": 16, "column": null }
      },
      "10": {
        "start": { "line": 15, "column": 6 },
        "end": { "line": 15, "column": 25 }
      },
      "11": {
        "start": { "line": 19, "column": 26 },
        "end": { "line": 21, "column": 3 }
      },
      "12": {
        "start": { "line": 20, "column": 4 },
        "end": { "line": 20, "column": 44 }
      },
      "13": {
        "start": { "line": 23, "column": 2 },
        "end": { "line": 52, "column": 4 }
      },
      "14": {
        "start": { "line": 55, "column": 0 },
        "end": { "line": 55, "column": 26 }
      }
    },
    "fnMap": {
      "0": {
        "name": "(anonymous_0)",
        "decl": {
          "start": { "line": 7, "column": 19 },
          "end": { "line": 7, "column": 22 }
        },
        "loc": {
          "start": { "line": 7, "column": 24 },
          "end": { "line": 53, "column": 1 }
        }
      },
      "1": {
        "name": "(anonymous_1)",
        "decl": {
          "start": { "line": 13, "column": 12 },
          "end": { "line": 13, "column": 15 }
        },
        "loc": {
          "start": { "line": 13, "column": 17 },
          "end": { "line": 17, "column": 3 }
        }
      },
      "2": {
        "name": "(anonymous_2)",
        "decl": {
          "start": { "line": 19, "column": 26 },
          "end": { "line": 19, "column": 29 }
        },
        "loc": {
          "start": { "line": 19, "column": 31 },
          "end": { "line": 21, "column": 3 }
        }
      }
    },
    "branchMap": {
      "0": {
        "loc": {
          "start": { "line": 14, "column": 4 },
          "end": { "line": 16, "column": null }
        },
        "type": "if",
        "locations": [
          {
            "start": { "line": 14, "column": 4 },
            "end": { "line": 16, "column": null }
          }
        ]
      },
      "1": {
        "loc": {
          "start": { "line": 32, "column": 9 },
          "end": { "line": 48, "column": null }
        },
        "type": "cond-expr",
        "locations": [
          {
            "start": { "line": 33, "column": 10 },
            "end": { "line": 45, "column": null }
          },
          {
            "start": { "line": 48, "column": 10 },
            "end": { "line": 48, "column": 27 }
          }
        ]
      }
    },
    "s": {
      "0": 5,
      "1": 5,
      "2": 5,
      "3": 5,
      "4": 5,
      "5": 3,
      "6": 3,
      "7": 3,
      "8": 3,
      "9": 3,
      "10": 0,
      "11": 3,
      "12": 1,
      "13": 3,
      "14": 5
    },
    "f": { "0": 3, "1": 3, "2": 1 },
    "b": { "0": [0], "1": [2, 1] }
  }
}
