TN:
SF:src\api.tsx
FN:10,(anonymous_0)
FN:12,(anonymous_1)
FN:15,(anonymous_2)
FNF:3
FNH:1
FNDA:8,(anonymous_0)
FNDA:0,(anonymous_1)
FNDA:0,(anonymous_2)
DA:2,8
DA:5,8
DA:10,8
DA:12,0
DA:15,0
DA:20,8
DA:22,8
LF:7
LH:5
BRF:0
BRH:0
end_of_record
TN:
SF:src\components\Header\Header.tsx
FN:4,(anonymous_0)
FNF:1
FNH:1
FNDA:1,(anonymous_0)
DA:1,1
DA:2,1
DA:4,1
DA:5,1
DA:20,1
LF:5
LH:5
BRF:0
BRH:0
end_of_record
TN:
SF:src\components\Pagination\Pagination.tsx
FN:4,(anonymous_0)
FN:17,(anonymous_1)
FN:19,(anonymous_2)
FNF:3
FNH:3
FNDA:5,(anonymous_0)
FNDA:4,(anonymous_1)
FNDA:2,(anonymous_2)
DA:1,3
DA:4,3
DA:9,5
DA:11,5
DA:12,4
DA:15,5
DA:18,4
DA:19,2
DA:28,3
LF:9
LH:9
BRF:0
BRH:0
end_of_record
TN:
SF:src\components\PostsList\PostsList.tsx
FN:7,PostsList
FN:18,(anonymous_1)
FNF:2
FNH:2
FNDA:7,PostsList
FNDA:6,(anonymous_1)
DA:3,5
DA:5,5
DA:7,5
DA:8,7
DA:9,0
DA:12,7
DA:13,4
DA:16,3
DA:19,6
LF:9
LH:8
BRDA:8,0,0,0
BRDA:12,1,0,4
BRF:2
BRH:1
end_of_record
TN:
SF:src\components\Search\Search.tsx
FN:11,Search
FN:15,(anonymous_1)
FN:19,(anonymous_2)
FN:26,(anonymous_3)
FNF:4
FNH:3
FNDA:6,Search
FNDA:1,(anonymous_1)
FNDA:0,(anonymous_2)
FNDA:1,(anonymous_3)
DA:3,4
DA:4,4
DA:5,4
DA:11,4
DA:12,6
DA:13,6
DA:15,6
DA:16,1
DA:19,6
DA:20,0
DA:21,0
DA:22,0
DA:26,6
DA:27,1
DA:28,1
DA:31,6
LF:16
LH:13
BRDA:20,0,0,0
BRF:1
BRH:0
end_of_record
TN:
SF:src\features\postsPerPageSlice.tsx
FN:11,(anonymous_0)
FN:19,(anonymous_1)
FNF:2
FNH:1
FNDA:0,(anonymous_0)
FNDA:4,(anonymous_1)
DA:1,2
DA:7,2
DA:12,0
DA:17,2
DA:19,4
DA:21,2
LF:6
LH:5
BRF:0
BRH:0
end_of_record
TN:
SF:src\features\searchSlice.tsx
FN:13,(anonymous_0)
FN:20,(anonymous_1)
FNF:2
FNH:1
FNDA:0,(anonymous_0)
FNDA:8,(anonymous_1)
DA:2,4
DA:9,4
DA:14,0
DA:19,4
DA:20,8
DA:22,4
LF:6
LH:5
BRF:0
BRH:0
end_of_record
TN:
SF:src\pages\ErrorPage\ErrorPage.tsx
FN:6,ErrorPage
FNF:1
FNH:1
FNDA:1,ErrorPage
DA:1,1
DA:2,1
DA:3,1
DA:4,1
DA:6,1
DA:7,1
LF:6
LH:6
BRF:0
BRH:0
end_of_record
TN:
SF:src\pages\Posts\Posts.tsx
FN:16,(anonymous_1)
FN:24,(anonymous_2)
FN:29,(anonymous_3)
FN:31,(anonymous_4)
FN:41,(anonymous_5)
FN:46,(anonymous_6)
FN:54,(anonymous_7)
FN:69,(anonymous_8)
FNF:8
FNH:5
FNDA:4,(anonymous_1)
FNDA:2,(anonymous_2)
FNDA:2,(anonymous_3)
FNDA:2,(anonymous_4)
FNDA:2,(anonymous_5)
FNDA:0,(anonymous_6)
FNDA:0,(anonymous_7)
FNDA:0,(anonymous_8)
DA:1,2
DA:2,2
DA:3,2
DA:4,2
DA:8,2
DA:9,2
DA:10,2
DA:11,2
DA:12,2
DA:13,2
DA:16,2
DA:17,4
DA:18,4
DA:19,4
DA:20,4
DA:21,4
DA:22,4
DA:24,4
DA:25,2
DA:26,2
DA:29,4
DA:30,2
DA:31,2
DA:32,2
DA:38,2
DA:41,4
DA:42,2
DA:43,2
DA:46,4
DA:47,0
DA:50,4
DA:51,4
DA:52,4
DA:54,4
DA:56,4
DA:69,0
DA:99,2
LF:37
LH:35
BRDA:26,0,0,2
BRDA:26,0,1,2
BRDA:30,1,0,2
BRDA:30,1,1,0
BRDA:33,2,0,2
BRDA:33,2,1,2
BRDA:33,2,2,2
BRDA:78,3,0,0
BRDA:78,3,1,4
BRF:9
BRH:7
end_of_record
TN:
SF:src\pages\SinglePost\SinglePost.tsx
FN:7,(anonymous_0)
FN:13,(anonymous_1)
FN:19,(anonymous_2)
FNF:3
FNH:3
FNDA:3,(anonymous_0)
FNDA:3,(anonymous_1)
FNDA:1,(anonymous_2)
DA:2,5
DA:3,5
DA:4,5
DA:5,5
DA:7,5
DA:8,3
DA:9,3
DA:11,3
DA:13,3
DA:14,3
DA:15,0
DA:19,3
DA:20,1
DA:23,3
DA:55,5
LF:15
LH:14
BRDA:14,0,0,0
BRDA:32,1,0,2
BRDA:32,1,1,1
BRF:3
BRH:2
end_of_record
