TN:
SF:components\Navigation.tsx
FN:14,(anonymous_3)
FN:19,(anonymous_4)
FNF:2
FNH:2
FNDA:2,(anonymous_3)
FNDA:6,(anonymous_4)
DA:2,1
DA:3,1
DA:14,2
DA:15,2
DA:17,2
DA:20,6
DA:22,6
DA:36,1
LF:8
LH:8
BRDA:26,0,0,0
BRDA:26,0,1,6
BRF:2
BRH:1
end_of_record
TN:
SF:components\Pagination.tsx
FN:10,(anonymous_2)
FN:17,(anonymous_3)
FN:22,(anonymous_4)
FN:30,(anonymous_5)
FNF:4
FNH:4
FNDA:3,(anonymous_2)
FNDA:15,(anonymous_3)
FNDA:15,(anonymous_4)
FNDA:1,(anonymous_5)
DA:10,1
DA:11,3
DA:12,3
DA:13,3
DA:15,3
DA:17,15
DA:20,3
DA:22,15
DA:30,1
DA:39,1
LF:10
LH:10
BRDA:28,0,0,3
BRDA:28,0,1,12
BRF:2
BRH:2
end_of_record
TN:
SF:components\PostSearch.tsx
FN:12,(anonymous_15)
FN:15,(anonymous_16)
FN:15,(anonymous_17)
FN:28,(anonymous_19)
FNF:4
FNH:3
FNDA:1,(anonymous_15)
FNDA:1,(anonymous_16)
FNDA:1,(anonymous_17)
FNDA:0,(anonymous_19)
DA:3,1
DA:4,1
DA:12,1
DA:13,1
DA:15,1
DA:16,1
DA:18,1
DA:19,1
DA:22,1
DA:28,0
DA:35,1
LF:11
LH:10
BRF:0
BRH:0
end_of_record
TN:
SF:components\Posts.tsx
FN:10,(anonymous_3)
FN:13,(anonymous_4)
FNF:2
FNH:2
FNDA:1,(anonymous_3)
FNDA:2,(anonymous_4)
DA:2,1
DA:10,1
DA:11,1
DA:13,2
DA:22,1
LF:5
LH:5
BRF:0
BRH:0
end_of_record
